<?xml version="1.0" encoding="UTF-8"?>
<!-- Generated by org.testng.reporters.JUnitReportReporter -->
<testsuite hostname="DESKTOP-MRL7PDR" failures="0" tests="3" name="com.qa.opencart.tests.AccountsPageTest" time="0.269" errors="0" timestamp="2024-07-24T23:26:10 MDT" skipped="0">
  <testcase classname="com.qa.opencart.tests.AccountsPageTest" name="accPageHeadersTest" time="0.224"/>
  <testcase classname="com.qa.opencart.tests.AccountsPageTest" name="accPageURLTest" time="0.020"/>
  <testcase classname="com.qa.opencart.tests.AccountsPageTest" name="accPageTitleTest" time="0.025"/>
</testsuite> <!-- com.qa.opencart.tests.AccountsPageTest -->
